TN:
SF:src/utils/text.util.ts
FN:7,isEmpty
FN:15,isNotEmpty
FN:25,withPrefix
FN:32,extension
FNF:4
FNH:2
FNDA:60,isEmpty
FNDA:49,isNotEmpty
FNDA:0,withPrefix
FNDA:0,extension
DA:1,1
DA:2,1
DA:3,1
DA:4,1
DA:5,1
DA:6,1
DA:7,1
DA:8,60
DA:9,58
DA:10,60
DA:11,2
DA:12,2
DA:13,60
DA:14,1
DA:15,1
DA:16,49
DA:17,49
DA:18,1
DA:19,1
DA:20,1
DA:21,1
DA:22,1
DA:23,1
DA:24,1
DA:25,1
DA:26,0
DA:27,0
DA:28,0
DA:29,0
DA:30,0
DA:31,1
DA:32,1
DA:33,0
DA:34,0
DA:35,0
DA:36,0
DA:37,0
DA:38,0
DA:39,0
DA:40,0
DA:41,0
DA:42,0
DA:43,0
DA:44,0
DA:45,1
LF:45
LH:28
BRDA:7,0,0,60
BRDA:8,1,0,58
BRDA:9,2,0,43
BRDA:10,3,0,2
BRDA:11,4,0,1
BRDA:15,5,0,49
BRF:6
BRH:6
end_of_record
TN:
SF:src/utils/url.util.ts
FN:9,convertPathToSegments
FN:24,parentPath
FN:54,attachQueryTo
FNF:3
FNH:2
FNDA:12,convertPathToSegments
FNDA:7,parentPath
FNDA:0,attachQueryTo
DA:1,1
DA:2,1
DA:3,1
DA:4,1
DA:5,1
DA:6,1
DA:7,1
DA:8,1
DA:9,1
DA:10,12
DA:11,12
DA:12,12
DA:13,0
DA:14,0
DA:15,12
DA:16,12
DA:17,1
DA:18,1
DA:19,1
DA:20,1
DA:21,1
DA:22,1
DA:23,1
DA:24,1
DA:25,7
DA:26,2
DA:27,2
DA:28,5
DA:29,7
DA:30,2
DA:31,2
DA:32,5
DA:33,5
DA:34,7
DA:35,0
DA:36,0
DA:37,5
DA:38,5
DA:39,5
DA:40,5
DA:41,7
DA:42,1
DA:43,1
DA:44,4
DA:45,4
DA:46,4
DA:47,4
DA:48,4
DA:49,4
DA:50,4
DA:51,4
DA:52,4
DA:53,1
DA:54,1
DA:55,0
DA:56,0
DA:57,0
DA:58,0
DA:59,1
LF:59
LH:51
BRDA:9,0,0,12
BRDA:11,1,0,0
BRDA:12,2,0,0
BRDA:11,3,0,41
BRDA:24,4,0,7
BRDA:25,5,0,6
BRDA:25,6,0,2
BRDA:28,7,0,5
BRDA:29,8,0,2
BRDA:32,9,0,5
BRDA:34,10,0,0
BRDA:37,11,0,5
BRDA:41,12,0,1
BRDA:44,13,0,4
BRDA:39,14,0,8
BRF:15
BRH:12
end_of_record
